<?xml version="1.0" encoding="UTF-8"?>
<!-- Generated by org.testng.reporters.JUnitReportReporter -->
<testsuite skipped="0" hostname="DESKTOP-ACNCPE0" name="test.ProductTest" tests="1" failures="0" timestamp="04 Jul 2021 14:30:31 GMT" time="2.303" errors="0">
  <testcase name="logintestcase" time="2.303" classname="test.ProductTest"/>
</testsuite> <!-- test.ProductTest -->
