<?xml version="1.0" encoding="UTF-8"?>
<!-- Generated by org.testng.reporters.JUnitReportReporter -->
<testsuite skipped="0" hostname="DESKTOP-ACNCPE0" name="test.ProductTest" tests="1" failures="0" timestamp="01 Jul 2021 06:03:02 GMT" time="3.178" errors="0">
  <testcase name="logintestcase" time="3.178" classname="test.ProductTest"/>
</testsuite> <!-- test.ProductTest -->
